0 info it worked if it ends with ok
1 verbose cli [ 'C:\\Program Files\\nodejs\\node.exe',
1 verbose cli   'C:\\Program Files\\nodejs\\node_modules\\npm\\bin\\npm-cli.js',
1 verbose cli   'install',
1 verbose cli   'git://github.com/RGBboy/express-flash.git' ]
2 info using npm@2.15.1
3 info using node@v4.4.3
4 verbose config Skipping project config: C:\Users\me/.npmrc. (matches userconfig)
5 verbose install initial load of C:\Users\me\package.json
6 verbose installManyTop reading scoped package data from C:\Users\me\node_modules\body-parser\package.json
7 verbose installManyTop reading scoped package data from C:\Users\me\node_modules\express\package.json
8 verbose installManyTop reading scoped package data from C:\Users\me\node_modules\socket.io\package.json
9 verbose readDependencies loading dependencies from C:\Users\me\package.json
10 silly cache add args [ 'git://github.com/RGBboy/express-flash.git', null ]
11 verbose cache add spec git://github.com/RGBboy/express-flash.git
12 silly cache add parsed spec Result {
12 silly cache add   raw: 'git://github.com/RGBboy/express-flash.git',
12 silly cache add   scope: null,
12 silly cache add   name: null,
12 silly cache add   rawSpec: 'git://github.com/RGBboy/express-flash.git',
12 silly cache add   spec: 'git://github.com/RGBboy/express-flash.git',
12 silly cache add   type: 'hosted',
12 silly cache add   hosted:
12 silly cache add    { type: 'github',
12 silly cache add      ssh: 'git@github.com:RGBboy/express-flash.git',
12 silly cache add      sshUrl: 'git+ssh://git@github.com/RGBboy/express-flash.git',
12 silly cache add      httpsUrl: 'git+https://github.com/RGBboy/express-flash.git',
12 silly cache add      gitUrl: 'git://github.com/RGBboy/express-flash.git',
12 silly cache add      shortcut: 'github:RGBboy/express-flash',
12 silly cache add      directUrl: 'https://raw.githubusercontent.com/RGBboy/express-flash/master/package.json' } }
13 verbose addRemoteGit caching git://github.com/RGBboy/express-flash.git
14 verbose addRemoteGit git://github.com/RGBboy/express-flash.git is a repository hosted by github
15 silly tryClone cloning git://github.com/RGBboy/express-flash.git via git://github.com/RGBboy/express-flash.git
16 verbose tryClone git-github-com-RGBboy-express-flash-git-cb9ce534 not in flight; caching
17 verbose correctMkdir C:\Users\me\AppData\Roaming\npm-cache\_git-remotes correctMkdir not in flight; initializing
18 verbose makeDirectory C:\Users\me\AppData\Roaming\npm-cache\_git-remotes creation not in flight; initializing
19 verbose makeCacheDir UID & GID are irrelevant on win32
20 error git clone --template=C:\Users\me\AppData\Roaming\npm-cache\_git-remotes\_templates --mirror git://github.com/RGBboy/express-flash.git C:\Users\me\AppData\Roaming\npm-cache\_git-remotes\git-github-com-RGBboy-express-flash-git-cb9ce534: undefined
20 error git clone --template=C:\Users\me\AppData\Roaming\npm-cache\_git-remotes\_templates --mirror git://github.com/RGBboy/express-flash.git C:\Users\me\AppData\Roaming\npm-cache\_git-remotes\git-github-com-RGBboy-express-flash-git-cb9ce534: undefined
21 verbose stack Error: not found: git
21 verbose stack     at F (C:\Program Files\nodejs\node_modules\npm\node_modules\which\which.js:63:19)
21 verbose stack     at E (C:\Program Files\nodejs\node_modules\npm\node_modules\which\which.js:72:29)
21 verbose stack     at C:\Program Files\nodejs\node_modules\npm\node_modules\which\which.js:81:16
21 verbose stack     at C:\Program Files\nodejs\node_modules\npm\node_modules\which\node_modules\isexe\index.js:44:5
21 verbose stack     at C:\Program Files\nodejs\node_modules\npm\node_modules\which\node_modules\isexe\windows.js:29:5
21 verbose stack     at FSReqWrap.oncomplete (fs.js:82:15)
22 verbose cwd C:\Users\me\Desktop\lolen
23 error Windows_NT 10.0.10586
24 error argv "C:\\Program Files\\nodejs\\node.exe" "C:\\Program Files\\nodejs\\node_modules\\npm\\bin\\npm-cli.js" "install" "git://github.com/RGBboy/express-flash.git"
25 error node v4.4.3
26 error npm  v2.15.1
27 error code ENOGIT
28 error not found: git
29 error Failed using git.
29 error This is most likely not a problem with npm itself.
29 error Please check if you have git installed and in your PATH.
30 verbose exit [ 1, true ]
